# JRE version: OpenJDK Runtime Environment Temurin-17.0.9+9 (17.0.9+9) (build 17.0.9+9)
# Java VM: OpenJDK 64-Bit Server VM Temurin-17.0.9+9 (17.0.9+9, mixed mode, tiered, compressed oops, compressed class ptrs, parallel gc, windows-amd64)
GC Precious Log:
 CPUs: 8 total, 8 available
 Memory: 3526M
 Large Page Support: Disabled
 NUMA Support: Disabled
 Compressed Oops: Enabled (32-bit)
 Alignments: Space 512K, Generation 512K, Heap 2M
 Heap Min Capacity: 100M
 Heap Initial Capacity: 100M
 Heap Max Capacity: 1G
 Pre-touch: Disabled
 Parallel Workers: 8
Heap:
 PSYoungGen      total 22528K, used 4570K [0x00000000eab00000, 0x00000000ec680000, 0x0000000100000000)
  eden space 22016K, 18% used [0x00000000eab00000,0x00000000eaef69b0,0x00000000ec080000)
  from space 512K, 100% used [0x00000000ec600000,0x00000000ec680000,0x00000000ec680000)
  to   space 2560K, 0% used [0x00000000ec180000,0x00000000ec180000,0x00000000ec400000)
 ParOldGen       total 68608K, used 16424K [0x00000000c0000000, 0x00000000c4300000, 0x00000000eab00000)
  object space 68608K, 23% used [0x00000000c0000000,0x00000000c100a3c8,0x00000000c4300000)
 Metaspace       used 46121K, committed 46976K, reserved 1114112K
  class space    used 4942K, committed 5376K, reserved 1048576K
GC Heap History (20 events):
Event: 5.659 GC heap before
{Heap before GC invocations=7 (full 1):
 PSYoungGen      total 29696K, used 25600K [0x00000000eab00000, 0x00000000ece00000, 0x0000000100000000)
  eden space 25600K, 100% used [0x00000000eab00000,0x00000000ec400000,0x00000000ec400000)
  from space 4096K, 0% used [0x00000000ec400000,0x00000000ec400000,0x00000000ec800000)
  to   space 5120K, 0% used [0x00000000ec900000,0x00000000ec900000,0x00000000ece00000)
 ParOldGen       total 68608K, used 10492K [0x00000000c0000000, 0x00000000c4300000, 0x00000000eab00000)
  object space 68608K, 15% used [0x00000000c0000000,0x00000000c0a3f320,0x00000000c4300000)
 Metaspace       used 24093K, committed 24640K, reserved 1114112K
  class space    used 2447K, committed 2688K, reserved 1048576K
}
Event: 5.664 GC heap after
{Heap after GC invocations=7 (full 1):
 PSYoungGen      total 27648K, used 2356K [0x00000000eab00000, 0x00000000ecb80000, 0x0000000100000000)
  eden space 25088K, 0% used [0x00000000eab00000,0x00000000eab00000,0x00000000ec380000)
  from space 2560K, 92% used [0x00000000ec900000,0x00000000ecb4d388,0x00000000ecb80000)
  to   space 3584K, 0% used [0x00000000ec480000,0x00000000ec480000,0x00000000ec800000)
 ParOldGen       total 68608K, used 10500K [0x00000000c0000000, 0x00000000c4300000, 0x00000000eab00000)
  object space 68608K, 15% used [0x00000000c0000000,0x00000000c0a41320,0x00000000c4300000)
 Metaspace       used 24093K, committed 24640K, reserved 1114112K
  class space    used 2447K, committed 2688K, reserved 1048576K
}
Event: 6.311 GC heap before
{Heap before GC invocations=8 (full 1):
 PSYoungGen      total 27648K, used 27444K [0x00000000eab00000, 0x00000000ecb80000, 0x0000000100000000)
  eden space 25088K, 100% used [0x00000000eab00000,0x00000000ec380000,0x00000000ec380000)
  from space 2560K, 92% used [0x00000000ec900000,0x00000000ecb4d388,0x00000000ecb80000)
  to   space 3584K, 0% used [0x00000000ec480000,0x00000000ec480000,0x00000000ec800000)
 ParOldGen       total 68608K, used 10500K [0x00000000c0000000, 0x00000000c4300000, 0x00000000eab00000)
  object space 68608K, 15% used [0x00000000c0000000,0x00000000c0a41320,0x00000000c4300000)
 Metaspace       used 26776K, committed 27392K, reserved 1114112K
  class space    used 2711K, committed 3008K, reserved 1048576K
}
Event: 6.314 GC heap after
{Heap after GC invocations=8 (full 1):
 PSYoungGen      total 28160K, used 3573K [0x00000000eab00000, 0x00000000ecd00000, 0x0000000100000000)
  eden space 24576K, 0% used [0x00000000eab00000,0x00000000eab00000,0x00000000ec300000)
  from space 3584K, 99% used [0x00000000ec480000,0x00000000ec7fd688,0x00000000ec800000)
  to   space 5120K, 0% used [0x00000000ec800000,0x00000000ec800000,0x00000000ecd00000)
 ParOldGen       total 68608K, used 11422K [0x00000000c0000000, 0x00000000c4300000, 0x00000000eab00000)
  object space 68608K, 16% used [0x00000000c0000000,0x00000000c0b279e0,0x00000000c4300000)
 Metaspace       used 26776K, committed 27392K, reserved 1114112K
  class space    used 2711K, committed 3008K, reserved 1048576K
}
Event: 6.709 GC heap before
{Heap before GC invocations=9 (full 1):
 PSYoungGen      total 28160K, used 28149K [0x00000000eab00000, 0x00000000ecd00000, 0x0000000100000000)
  eden space 24576K, 100% used [0x00000000eab00000,0x00000000ec300000,0x00000000ec300000)
  from space 3584K, 99% used [0x00000000ec480000,0x00000000ec7fd688,0x00000000ec800000)
  to   space 5120K, 0% used [0x00000000ec800000,0x00000000ec800000,0x00000000ecd00000)
 ParOldGen       total 68608K, used 11422K [0x00000000c0000000, 0x00000000c4300000, 0x00000000eab00000)
  object space 68608K, 16% used [0x00000000c0000000,0x00000000c0b279e0,0x00000000c4300000)
 Metaspace       used 30328K, committed 30976K, reserved 1114112K
  class space    used 2967K, committed 3264K, reserved 1048576K
}
Event: 6.712 GC heap after
{Heap after GC invocations=9 (full 1):
 PSYoungGen      total 27648K, used 3478K [0x00000000eab00000, 0x00000000ecb80000, 0x0000000100000000)
  eden space 24064K, 0% used [0x00000000eab00000,0x00000000eab00000,0x00000000ec280000)
  from space 3584K, 97% used [0x00000000ec800000,0x00000000ecb65ba8,0x00000000ecb80000)
  to   space 4096K, 0% used [0x00000000ec380000,0x00000000ec380000,0x00000000ec780000)
 ParOldGen       total 68608K, used 11422K [0x00000000c0000000, 0x00000000c4300000, 0x00000000eab00000)
  object space 68608K, 16% used [0x00000000c0000000,0x00000000c0b279e0,0x00000000c4300000)
 Metaspace       used 30328K, committed 30976K, reserved 1114112K
  class space    used 2967K, committed 3264K, reserved 1048576K
}
Event: 7.134 GC heap before
{Heap before GC invocations=10 (full 1):
 PSYoungGen      total 27648K, used 27542K [0x00000000eab00000, 0x00000000ecb80000, 0x0000000100000000)
  eden space 24064K, 100% used [0x00000000eab00000,0x00000000ec280000,0x00000000ec280000)
  from space 3584K, 97% used [0x00000000ec800000,0x00000000ecb65ba8,0x00000000ecb80000)
  to   space 4096K, 0% used [0x00000000ec380000,0x00000000ec380000,0x00000000ec780000)
 ParOldGen       total 68608K, used 11422K [0x00000000c0000000, 0x00000000c4300000, 0x00000000eab00000)
  object space 68608K, 16% used [0x00000000c0000000,0x00000000c0b279e0,0x00000000c4300000)
 Metaspace       used 33252K, committed 33920K, reserved 1114112K
  class space    used 3228K, committed 3520K, reserved 1048576K
}
Event: 7.140 GC heap after
{Heap after GC invocations=10 (full 1):
 PSYoungGen      total 27136K, used 3267K [0x00000000eab00000, 0x00000000ec900000, 0x0000000100000000)
  eden space 23552K, 0% used [0x00000000eab00000,0x00000000eab00000,0x00000000ec200000)
  from space 3584K, 91% used [0x00000000ec380000,0x00000000ec6b0c98,0x00000000ec700000)
  to   space 2048K, 0% used [0x00000000ec700000,0x00000000ec700000,0x00000000ec900000)
 ParOldGen       total 68608K, used 12585K [0x00000000c0000000, 0x00000000c4300000, 0x00000000eab00000)
  object space 68608K, 18% used [0x00000000c0000000,0x00000000c0c4a520,0x00000000c4300000)
 Metaspace       used 33252K, committed 33920K, reserved 1114112K
  class space    used 3228K, committed 3520K, reserved 1048576K
}
Event: 7.374 GC heap before
{Heap before GC invocations=11 (full 1):
 PSYoungGen      total 27136K, used 16869K [0x00000000eab00000, 0x00000000ec900000, 0x0000000100000000)
  eden space 23552K, 57% used [0x00000000eab00000,0x00000000eb848920,0x00000000ec200000)
  from space 3584K, 91% used [0x00000000ec380000,0x00000000ec6b0c98,0x00000000ec700000)
  to   space 2048K, 0% used [0x00000000ec700000,0x00000000ec700000,0x00000000ec900000)
 ParOldGen       total 68608K, used 12585K [0x00000000c0000000, 0x00000000c4300000, 0x00000000eab00000)
  object space 68608K, 18% used [0x00000000c0000000,0x00000000c0c4a520,0x00000000c4300000)
 Metaspace       used 35193K, committed 35840K, reserved 1114112K
  class space    used 3511K, committed 3840K, reserved 1048576K
}
Event: 7.378 GC heap after
{Heap after GC invocations=11 (full 1):
 PSYoungGen      total 25088K, used 1375K [0x00000000eab00000, 0x00000000ec880000, 0x0000000100000000)
  eden space 23552K, 0% used [0x00000000eab00000,0x00000000eab00000,0x00000000ec200000)
  from space 1536K, 89% used [0x00000000ec700000,0x00000000ec857fc0,0x00000000ec880000)
  to   space 2560K, 0% used [0x00000000ec380000,0x00000000ec380000,0x00000000ec600000)
 ParOldGen       total 68608K, used 14862K [0x00000000c0000000, 0x00000000c4300000, 0x00000000eab00000)
  object space 68608K, 21% used [0x00000000c0000000,0x00000000c0e83910,0x00000000c4300000)
 Metaspace       used 35193K, committed 35840K, reserved 1114112K
  class space    used 3511K, committed 3840K, reserved 1048576K
}
Event: 7.378 GC heap before
{Heap before GC invocations=12 (full 2):
 PSYoungGen      total 25088K, used 1375K [0x00000000eab00000, 0x00000000ec880000, 0x0000000100000000)
  eden space 23552K, 0% used [0x00000000eab00000,0x00000000eab00000,0x00000000ec200000)
  from space 1536K, 89% used [0x00000000ec700000,0x00000000ec857fc0,0x00000000ec880000)
  to   space 2560K, 0% used [0x00000000ec380000,0x00000000ec380000,0x00000000ec600000)
 ParOldGen       total 68608K, used 14862K [0x00000000c0000000, 0x00000000c4300000, 0x00000000eab00000)
  object space 68608K, 21% used [0x00000000c0000000,0x00000000c0e83910,0x00000000c4300000)
 Metaspace       used 35193K, committed 35840K, reserved 1114112K
  class space    used 3511K, committed 3840K, reserved 1048576K
}
Event: 7.421 GC heap after
{Heap after GC invocations=12 (full 2):
 PSYoungGen      total 25088K, used 0K [0x00000000eab00000, 0x00000000ec880000, 0x0000000100000000)
  eden space 23552K, 0% used [0x00000000eab00000,0x00000000eab00000,0x00000000ec200000)
  from space 1536K, 0% used [0x00000000ec700000,0x00000000ec700000,0x00000000ec880000)
  to   space 2560K, 0% used [0x00000000ec380000,0x00000000ec380000,0x00000000ec600000)
 ParOldGen       total 68608K, used 13021K [0x00000000c0000000, 0x00000000c4300000, 0x00000000eab00000)
  object space 68608K, 18% used [0x00000000c0000000,0x00000000c0cb76f0,0x00000000c4300000)
 Metaspace       used 35180K, committed 35840K, reserved 1114112K
  class space    used 3508K, committed 3840K, reserved 1048576K
}
Event: 7.789 GC heap before
{Heap before GC invocations=13 (full 2):
 PSYoungGen      total 25088K, used 23552K [0x00000000eab00000, 0x00000000ec880000, 0x0000000100000000)
  eden space 23552K, 100% used [0x00000000eab00000,0x00000000ec200000,0x00000000ec200000)
  from space 1536K, 0% used [0x00000000ec700000,0x00000000ec700000,0x00000000ec880000)
  to   space 2560K, 0% used [0x00000000ec380000,0x00000000ec380000,0x00000000ec600000)
 ParOldGen       total 68608K, used 13021K [0x00000000c0000000, 0x00000000c4300000, 0x00000000eab00000)
  object space 68608K, 18% used [0x00000000c0000000,0x00000000c0cb76f0,0x00000000c4300000)
 Metaspace       used 37542K, committed 38272K, reserved 1114112K
  class space    used 3810K, committed 4096K, reserved 1048576K
}
Event: 7.791 GC heap after
{Heap after GC invocations=13 (full 2):
 PSYoungGen      total 25600K, used 1102K [0x00000000eab00000, 0x00000000ec780000, 0x0000000100000000)
  eden space 23040K, 0% used [0x00000000eab00000,0x00000000eab00000,0x00000000ec180000)
  from space 2560K, 43% used [0x00000000ec380000,0x00000000ec493b50,0x00000000ec600000)
  to   space 1536K, 0% used [0x00000000ec600000,0x00000000ec600000,0x00000000ec780000)
 ParOldGen       total 68608K, used 13029K [0x00000000c0000000, 0x00000000c4300000, 0x00000000eab00000)
  object space 68608K, 18% used [0x00000000c0000000,0x00000000c0cb96f0,0x00000000c4300000)
 Metaspace       used 37542K, committed 38272K, reserved 1114112K
  class space    used 3810K, committed 4096K, reserved 1048576K
}
Event: 8.141 GC heap before
{Heap before GC invocations=14 (full 2):
 PSYoungGen      total 25600K, used 24142K [0x00000000eab00000, 0x00000000ec780000, 0x0000000100000000)
  eden space 23040K, 100% used [0x00000000eab00000,0x00000000ec180000,0x00000000ec180000)
  from space 2560K, 43% used [0x00000000ec380000,0x00000000ec493b50,0x00000000ec600000)
  to   space 1536K, 0% used [0x00000000ec600000,0x00000000ec600000,0x00000000ec780000)
 ParOldGen       total 68608K, used 13033K [0x00000000c0000000, 0x00000000c4300000, 0x00000000eab00000)
  object space 68608K, 18% used [0x00000000c0000000,0x00000000c0cba430,0x00000000c4300000)
 Metaspace       used 40037K, committed 40832K, reserved 1114112K
  class space    used 4138K, committed 4480K, reserved 1048576K
}
Event: 8.143 GC heap after
{Heap after GC invocations=14 (full 2):
 PSYoungGen      total 24064K, used 726K [0x00000000eab00000, 0x00000000ec700000, 0x0000000100000000)
  eden space 23040K, 0% used [0x00000000eab00000,0x00000000eab00000,0x00000000ec180000)
  from space 1024K, 70% used [0x00000000ec600000,0x00000000ec6b5898,0x00000000ec700000)
  to   space 1024K, 0% used [0x00000000ec500000,0x00000000ec500000,0x00000000ec600000)
 ParOldGen       total 68608K, used 13961K [0x00000000c0000000, 0x00000000c4300000, 0x00000000eab00000)
  object space 68608K, 20% used [0x00000000c0000000,0x00000000c0da2568,0x00000000c4300000)
 Metaspace       used 40037K, committed 40832K, reserved 1114112K
  class space    used 4138K, committed 4480K, reserved 1048576K
}
Event: 8.507 GC heap before
{Heap before GC invocations=15 (full 2):
 PSYoungGen      total 24064K, used 23766K [0x00000000eab00000, 0x00000000ec700000, 0x0000000100000000)
  eden space 23040K, 100% used [0x00000000eab00000,0x00000000ec180000,0x00000000ec180000)
  from space 1024K, 70% used [0x00000000ec600000,0x00000000ec6b5898,0x00000000ec700000)
  to   space 1024K, 0% used [0x00000000ec500000,0x00000000ec500000,0x00000000ec600000)
 ParOldGen       total 68608K, used 13990K [0x00000000c0000000, 0x00000000c4300000, 0x00000000eab00000)
  object space 68608K, 20% used [0x00000000c0000000,0x00000000c0da9b80,0x00000000c4300000)
 Metaspace       used 42876K, committed 43776K, reserved 1114112K
  class space    used 4498K, committed 4928K, reserved 1048576K
}
Event: 8.510 GC heap after
{Heap after GC invocations=15 (full 2):
 PSYoungGen      total 23552K, used 1024K [0x00000000eab00000, 0x00000000ec680000, 0x0000000100000000)
  eden space 22528K, 0% used [0x00000000eab00000,0x00000000eab00000,0x00000000ec100000)
  from space 1024K, 100% used [0x00000000ec500000,0x00000000ec600000,0x00000000ec600000)
  to   space 512K, 0% used [0x00000000ec600000,0x00000000ec600000,0x00000000ec680000)
 ParOldGen       total 68608K, used 14632K [0x00000000c0000000, 0x00000000c4300000, 0x00000000eab00000)
  object space 68608K, 21% used [0x00000000c0000000,0x00000000c0e4a0e8,0x00000000c4300000)
 Metaspace       used 42876K, committed 43776K, reserved 1114112K
  class space    used 4498K, committed 4928K, reserved 1048576K
}
Event: 9.352 GC heap before
{Heap before GC invocations=16 (full 2):
 PSYoungGen      total 23552K, used 23552K [0x00000000eab00000, 0x00000000ec680000, 0x0000000100000000)
  eden space 22528K, 100% used [0x00000000eab00000,0x00000000ec100000,0x00000000ec100000)
  from space 1024K, 100% used [0x00000000ec500000,0x00000000ec600000,0x00000000ec600000)
  to   space 512K, 0% used [0x00000000ec600000,0x00000000ec600000,0x00000000ec680000)
 ParOldGen       total 68608K, used 14632K [0x00000000c0000000, 0x00000000c4300000, 0x00000000eab00000)
  object space 68608K, 21% used [0x00000000c0000000,0x00000000c0e4a0e8,0x00000000c4300000)
 Metaspace       used 45556K, committed 46464K, reserved 1114112K
  class space    used 4873K, committed 5312K, reserved 1048576K
}
Event: 9.356 GC heap after
{Heap after GC invocations=16 (full 2):
 PSYoungGen      total 22528K, used 512K [0x00000000eab00000, 0x00000000ec680000, 0x0000000100000000)
  eden space 22016K, 0% used [0x00000000eab00000,0x00000000eab00000,0x00000000ec080000)
  from space 512K, 100% used [0x00000000ec600000,0x00000000ec680000,0x00000000ec680000)
  to   space 2560K, 0% used [0x00000000ec180000,0x00000000ec180000,0x00000000ec400000)
 ParOldGen       total 68608K, used 16424K [0x00000000c0000000, 0x00000000c4300000, 0x00000000eab00000)
  object space 68608K, 23% used [0x00000000c0000000,0x00000000c100a3c8,0x00000000c4300000)
 Metaspace       used 45556K, committed 46464K, reserved 1114112K
  class space    used 4873K, committed 5312K, reserved 1048576K
}

