# JRE version: OpenJDK Runtime Environment Temurin-17.0.8.1+1 (17.0.8.1+1) (build 17.0.8.1+1)
# Java VM: OpenJDK 64-Bit Server VM Temurin-17.0.8.1+1 (17.0.8.1+1, mixed mode, tiered, compressed oops, compressed class ptrs, parallel gc, windows-amd64)
GC Precious Log:
 CPUs: 8 total, 8 available
 Memory: 3526M
 Large Page Support: Disabled
 NUMA Support: Disabled
 Compressed Oops: Enabled (32-bit)
 Alignments: Space 512K, Generation 512K, Heap 2M
 Heap Min Capacity: 100M
 Heap Initial Capacity: 100M
 Heap Max Capacity: 1G
 Pre-touch: Disabled
 Parallel Workers: 8
Heap:
 PSYoungGen      total 18944K, used 5174K [0x00000000eab00000, 0x00000000ebf00000, 0x0000000100000000)
  eden space 17408K, 20% used [0x00000000eab00000,0x00000000eae91bb0,0x00000000ebc00000)
  from space 1536K, 98% used [0x00000000ebd80000,0x00000000ebefbce0,0x00000000ebf00000)
  to   space 1024K, 0% used [0x00000000ebc00000,0x00000000ebc00000,0x00000000ebd00000)
 ParOldGen       total 68608K, used 55619K [0x00000000c0000000, 0x00000000c4300000, 0x00000000eab00000)
  object space 68608K, 81% used [0x00000000c0000000,0x00000000c3650ce0,0x00000000c4300000)
 Metaspace       used 63217K, committed 64256K, reserved 1114112K
  class space    used 6803K, committed 7232K, reserved 1048576K
GC Heap History (20 events):
Event: 14.408 GC heap after
{Heap after GC invocations=31 (full 2):
 PSYoungGen      total 22016K, used 3469K [0x00000000eab00000, 0x00000000ec600000, 0x0000000100000000)
  eden space 18432K, 0% used [0x00000000eab00000,0x00000000eab00000,0x00000000ebd00000)
  from space 3584K, 96% used [0x00000000ebd00000,0x00000000ec063438,0x00000000ec080000)
  to   space 4608K, 0% used [0x00000000ec180000,0x00000000ec180000,0x00000000ec600000)
 ParOldGen       total 68608K, used 42401K [0x00000000c0000000, 0x00000000c4300000, 0x00000000eab00000)
  object space 68608K, 61% used [0x00000000c0000000,0x00000000c29684b0,0x00000000c4300000)
 Metaspace       used 57968K, committed 58880K, reserved 1114112K
  class space    used 6239K, committed 6656K, reserved 1048576K
}
Event: 14.543 GC heap before
{Heap before GC invocations=32 (full 2):
 PSYoungGen      total 22016K, used 21901K [0x00000000eab00000, 0x00000000ec600000, 0x0000000100000000)
  eden space 18432K, 100% used [0x00000000eab00000,0x00000000ebd00000,0x00000000ebd00000)
  from space 3584K, 96% used [0x00000000ebd00000,0x00000000ec063438,0x00000000ec080000)
  to   space 4608K, 0% used [0x00000000ec180000,0x00000000ec180000,0x00000000ec600000)
 ParOldGen       total 68608K, used 42401K [0x00000000c0000000, 0x00000000c4300000, 0x00000000eab00000)
  object space 68608K, 61% used [0x00000000c0000000,0x00000000c29684b0,0x00000000c4300000)
 Metaspace       used 58514K, committed 59456K, reserved 1114112K
  class space    used 6309K, committed 6720K, reserved 1048576K
}
Event: 14.549 GC heap after
{Heap after GC invocations=32 (full 2):
 PSYoungGen      total 20992K, used 2246K [0x00000000eab00000, 0x00000000ec400000, 0x0000000100000000)
  eden space 18432K, 0% used [0x00000000eab00000,0x00000000eab00000,0x00000000ebd00000)
  from space 2560K, 87% used [0x00000000ec180000,0x00000000ec3b1870,0x00000000ec400000)
  to   space 3072K, 0% used [0x00000000ebe00000,0x00000000ebe00000,0x00000000ec100000)
 ParOldGen       total 68608K, used 45650K [0x00000000c0000000, 0x00000000c4300000, 0x00000000eab00000)
  object space 68608K, 66% used [0x00000000c0000000,0x00000000c2c94880,0x00000000c4300000)
 Metaspace       used 58514K, committed 59456K, reserved 1114112K
  class space    used 6309K, committed 6720K, reserved 1048576K
}
Event: 14.639 GC heap before
{Heap before GC invocations=33 (full 2):
 PSYoungGen      total 20992K, used 11698K [0x00000000eab00000, 0x00000000ec400000, 0x0000000100000000)
  eden space 18432K, 51% used [0x00000000eab00000,0x00000000eb43b158,0x00000000ebd00000)
  from space 2560K, 87% used [0x00000000ec180000,0x00000000ec3b1870,0x00000000ec400000)
  to   space 3072K, 0% used [0x00000000ebe00000,0x00000000ebe00000,0x00000000ec100000)
 ParOldGen       total 68608K, used 45650K [0x00000000c0000000, 0x00000000c4300000, 0x00000000eab00000)
  object space 68608K, 66% used [0x00000000c0000000,0x00000000c2c94880,0x00000000c4300000)
 Metaspace       used 58902K, committed 59776K, reserved 1114112K
  class space    used 6367K, committed 6784K, reserved 1048576K
}
Event: 14.644 GC heap after
{Heap after GC invocations=33 (full 2):
 PSYoungGen      total 19968K, used 1183K [0x00000000eab00000, 0x00000000ec200000, 0x0000000100000000)
  eden space 18432K, 0% used [0x00000000eab00000,0x00000000eab00000,0x00000000ebd00000)
  from space 1536K, 77% used [0x00000000ebe00000,0x00000000ebf27f28,0x00000000ebf80000)
  to   space 2048K, 0% used [0x00000000ec000000,0x00000000ec000000,0x00000000ec200000)
 ParOldGen       total 68608K, used 47709K [0x00000000c0000000, 0x00000000c4300000, 0x00000000eab00000)
  object space 68608K, 69% used [0x00000000c0000000,0x00000000c2e97590,0x00000000c4300000)
 Metaspace       used 58902K, committed 59776K, reserved 1114112K
  class space    used 6367K, committed 6784K, reserved 1048576K
}
Event: 14.644 GC heap before
{Heap before GC invocations=34 (full 3):
 PSYoungGen      total 19968K, used 1183K [0x00000000eab00000, 0x00000000ec200000, 0x0000000100000000)
  eden space 18432K, 0% used [0x00000000eab00000,0x00000000eab00000,0x00000000ebd00000)
  from space 1536K, 77% used [0x00000000ebe00000,0x00000000ebf27f28,0x00000000ebf80000)
  to   space 2048K, 0% used [0x00000000ec000000,0x00000000ec000000,0x00000000ec200000)
 ParOldGen       total 68608K, used 47709K [0x00000000c0000000, 0x00000000c4300000, 0x00000000eab00000)
  object space 68608K, 69% used [0x00000000c0000000,0x00000000c2e97590,0x00000000c4300000)
 Metaspace       used 58902K, committed 59776K, reserved 1114112K
  class space    used 6367K, committed 6784K, reserved 1048576K
}
Event: 14.760 GC heap after
{Heap after GC invocations=34 (full 3):
 PSYoungGen      total 19968K, used 0K [0x00000000eab00000, 0x00000000ec200000, 0x0000000100000000)
  eden space 18432K, 0% used [0x00000000eab00000,0x00000000eab00000,0x00000000ebd00000)
  from space 1536K, 0% used [0x00000000ebe00000,0x00000000ebe00000,0x00000000ebf80000)
  to   space 2048K, 0% used [0x00000000ec000000,0x00000000ec000000,0x00000000ec200000)
 ParOldGen       total 68608K, used 42724K [0x00000000c0000000, 0x00000000c4300000, 0x00000000eab00000)
  object space 68608K, 62% used [0x00000000c0000000,0x00000000c29b91a0,0x00000000c4300000)
 Metaspace       used 58900K, committed 59776K, reserved 1114112K
  class space    used 6367K, committed 6784K, reserved 1048576K
}
Event: 14.961 GC heap before
{Heap before GC invocations=35 (full 3):
 PSYoungGen      total 19968K, used 18432K [0x00000000eab00000, 0x00000000ec200000, 0x0000000100000000)
  eden space 18432K, 100% used [0x00000000eab00000,0x00000000ebd00000,0x00000000ebd00000)
  from space 1536K, 0% used [0x00000000ebe00000,0x00000000ebe00000,0x00000000ebf80000)
  to   space 2048K, 0% used [0x00000000ec000000,0x00000000ec000000,0x00000000ec200000)
 ParOldGen       total 68608K, used 42724K [0x00000000c0000000, 0x00000000c4300000, 0x00000000eab00000)
  object space 68608K, 62% used [0x00000000c0000000,0x00000000c29b91a0,0x00000000c4300000)
 Metaspace       used 59567K, committed 60544K, reserved 1114112K
  class space    used 6439K, committed 6848K, reserved 1048576K
}
Event: 14.965 GC heap after
{Heap after GC invocations=35 (full 3):
 PSYoungGen      total 19968K, used 2029K [0x00000000eab00000, 0x00000000ec400000, 0x0000000100000000)
  eden space 17920K, 0% used [0x00000000eab00000,0x00000000eab00000,0x00000000ebc80000)
  from space 2048K, 99% used [0x00000000ec000000,0x00000000ec1fb728,0x00000000ec200000)
  to   space 3584K, 0% used [0x00000000ebc80000,0x00000000ebc80000,0x00000000ec000000)
 ParOldGen       total 68608K, used 43820K [0x00000000c0000000, 0x00000000c4300000, 0x00000000eab00000)
  object space 68608K, 63% used [0x00000000c0000000,0x00000000c2acb1a0,0x00000000c4300000)
 Metaspace       used 59567K, committed 60544K, reserved 1114112K
  class space    used 6439K, committed 6848K, reserved 1048576K
}
Event: 15.081 GC heap before
{Heap before GC invocations=36 (full 3):
 PSYoungGen      total 19968K, used 19949K [0x00000000eab00000, 0x00000000ec400000, 0x0000000100000000)
  eden space 17920K, 100% used [0x00000000eab00000,0x00000000ebc80000,0x00000000ebc80000)
  from space 2048K, 99% used [0x00000000ec000000,0x00000000ec1fb728,0x00000000ec200000)
  to   space 3584K, 0% used [0x00000000ebc80000,0x00000000ebc80000,0x00000000ec000000)
 ParOldGen       total 68608K, used 43820K [0x00000000c0000000, 0x00000000c4300000, 0x00000000eab00000)
  object space 68608K, 63% used [0x00000000c0000000,0x00000000c2acb1a0,0x00000000c4300000)
 Metaspace       used 60048K, committed 61056K, reserved 1114112K
  class space    used 6488K, committed 6912K, reserved 1048576K
}
Event: 15.085 GC heap after
{Heap after GC invocations=36 (full 3):
 PSYoungGen      total 21504K, used 3331K [0x00000000eab00000, 0x00000000ec380000, 0x0000000100000000)
  eden space 17920K, 0% used [0x00000000eab00000,0x00000000eab00000,0x00000000ebc80000)
  from space 3584K, 92% used [0x00000000ebc80000,0x00000000ebfc0eb0,0x00000000ec000000)
  to   space 3584K, 0% used [0x00000000ec000000,0x00000000ec000000,0x00000000ec380000)
 ParOldGen       total 68608K, used 45836K [0x00000000c0000000, 0x00000000c4300000, 0x00000000eab00000)
  object space 68608K, 66% used [0x00000000c0000000,0x00000000c2cc3120,0x00000000c4300000)
 Metaspace       used 60048K, committed 61056K, reserved 1114112K
  class space    used 6488K, committed 6912K, reserved 1048576K
}
Event: 15.179 GC heap before
{Heap before GC invocations=37 (full 3):
 PSYoungGen      total 21504K, used 21251K [0x00000000eab00000, 0x00000000ec380000, 0x0000000100000000)
  eden space 17920K, 100% used [0x00000000eab00000,0x00000000ebc80000,0x00000000ebc80000)
  from space 3584K, 92% used [0x00000000ebc80000,0x00000000ebfc0eb0,0x00000000ec000000)
  to   space 3584K, 0% used [0x00000000ec000000,0x00000000ec000000,0x00000000ec380000)
 ParOldGen       total 68608K, used 45836K [0x00000000c0000000, 0x00000000c4300000, 0x00000000eab00000)
  object space 68608K, 66% used [0x00000000c0000000,0x00000000c2cc3120,0x00000000c4300000)
 Metaspace       used 60627K, committed 61632K, reserved 1114112K
  class space    used 6537K, committed 6976K, reserved 1048576K
}
Event: 15.182 GC heap after
{Heap after GC invocations=37 (full 3):
 PSYoungGen      total 20480K, used 2188K [0x00000000eab00000, 0x00000000ec280000, 0x0000000100000000)
  eden space 17920K, 0% used [0x00000000eab00000,0x00000000eab00000,0x00000000ebc80000)
  from space 2560K, 85% used [0x00000000ec000000,0x00000000ec2233c0,0x00000000ec280000)
  to   space 3072K, 0% used [0x00000000ebc80000,0x00000000ebc80000,0x00000000ebf80000)
 ParOldGen       total 68608K, used 49005K [0x00000000c0000000, 0x00000000c4300000, 0x00000000eab00000)
  object space 68608K, 71% used [0x00000000c0000000,0x00000000c2fdb7e0,0x00000000c4300000)
 Metaspace       used 60627K, committed 61632K, reserved 1114112K
  class space    used 6537K, committed 6976K, reserved 1048576K
}
Event: 15.233 GC heap before
{Heap before GC invocations=38 (full 3):
 PSYoungGen      total 20480K, used 20108K [0x00000000eab00000, 0x00000000ec280000, 0x0000000100000000)
  eden space 17920K, 100% used [0x00000000eab00000,0x00000000ebc80000,0x00000000ebc80000)
  from space 2560K, 85% used [0x00000000ec000000,0x00000000ec2233c0,0x00000000ec280000)
  to   space 3072K, 0% used [0x00000000ebc80000,0x00000000ebc80000,0x00000000ebf80000)
 ParOldGen       total 68608K, used 49005K [0x00000000c0000000, 0x00000000c4300000, 0x00000000eab00000)
  object space 68608K, 71% used [0x00000000c0000000,0x00000000c2fdb7e0,0x00000000c4300000)
 Metaspace       used 60974K, committed 61888K, reserved 1114112K
  class space    used 6574K, committed 6976K, reserved 1048576K
}
Event: 15.237 GC heap after
{Heap after GC invocations=38 (full 3):
 PSYoungGen      total 19456K, used 1536K [0x00000000eab00000, 0x00000000ec080000, 0x0000000100000000)
  eden space 17920K, 0% used [0x00000000eab00000,0x00000000eab00000,0x00000000ebc80000)
  from space 1536K, 100% used [0x00000000ebc80000,0x00000000ebe00000,0x00000000ebe00000)
  to   space 2048K, 0% used [0x00000000ebe80000,0x00000000ebe80000,0x00000000ec080000)
 ParOldGen       total 68608K, used 50941K [0x00000000c0000000, 0x00000000c4300000, 0x00000000eab00000)
  object space 68608K, 74% used [0x00000000c0000000,0x00000000c31bf5c0,0x00000000c4300000)
 Metaspace       used 60974K, committed 61888K, reserved 1114112K
  class space    used 6574K, committed 6976K, reserved 1048576K
}
Event: 15.355 GC heap before
{Heap before GC invocations=39 (full 3):
 PSYoungGen      total 19456K, used 19456K [0x00000000eab00000, 0x00000000ec080000, 0x0000000100000000)
  eden space 17920K, 100% used [0x00000000eab00000,0x00000000ebc80000,0x00000000ebc80000)
  from space 1536K, 100% used [0x00000000ebc80000,0x00000000ebe00000,0x00000000ebe00000)
  to   space 2048K, 0% used [0x00000000ebe80000,0x00000000ebe80000,0x00000000ec080000)
 ParOldGen       total 68608K, used 50941K [0x00000000c0000000, 0x00000000c4300000, 0x00000000eab00000)
  object space 68608K, 74% used [0x00000000c0000000,0x00000000c31bf5c0,0x00000000c4300000)
 Metaspace       used 61417K, committed 62400K, reserved 1114112K
  class space    used 6627K, committed 7040K, reserved 1048576K
}
Event: 15.361 GC heap after
{Heap after GC invocations=39 (full 3):
 PSYoungGen      total 19456K, used 2019K [0x00000000eab00000, 0x00000000ec180000, 0x0000000100000000)
  eden space 17408K, 0% used [0x00000000eab00000,0x00000000eab00000,0x00000000ebc00000)
  from space 2048K, 98% used [0x00000000ebe80000,0x00000000ec078e18,0x00000000ec080000)
  to   space 2560K, 0% used [0x00000000ebc00000,0x00000000ebc00000,0x00000000ebe80000)
 ParOldGen       total 68608K, used 52072K [0x00000000c0000000, 0x00000000c4300000, 0x00000000eab00000)
  object space 68608K, 75% used [0x00000000c0000000,0x00000000c32da098,0x00000000c4300000)
 Metaspace       used 61417K, committed 62400K, reserved 1114112K
  class space    used 6627K, committed 7040K, reserved 1048576K
}
Event: 15.461 GC heap before
{Heap before GC invocations=40 (full 3):
 PSYoungGen      total 19456K, used 19427K [0x00000000eab00000, 0x00000000ec180000, 0x0000000100000000)
  eden space 17408K, 100% used [0x00000000eab00000,0x00000000ebc00000,0x00000000ebc00000)
  from space 2048K, 98% used [0x00000000ebe80000,0x00000000ec078e18,0x00000000ec080000)
  to   space 2560K, 0% used [0x00000000ebc00000,0x00000000ebc00000,0x00000000ebe80000)
 ParOldGen       total 68608K, used 52072K [0x00000000c0000000, 0x00000000c4300000, 0x00000000eab00000)
  object space 68608K, 75% used [0x00000000c0000000,0x00000000c32da098,0x00000000c4300000)
 Metaspace       used 61589K, committed 62592K, reserved 1114112K
  class space    used 6652K, committed 7104K, reserved 1048576K
}
Event: 15.465 GC heap after
{Heap after GC invocations=40 (full 3):
 PSYoungGen      total 18432K, used 673K [0x00000000eab00000, 0x00000000ebf00000, 0x0000000100000000)
  eden space 17408K, 0% used [0x00000000eab00000,0x00000000eab00000,0x00000000ebc00000)
  from space 1024K, 65% used [0x00000000ebc00000,0x00000000ebca8540,0x00000000ebd00000)
  to   space 1536K, 0% used [0x00000000ebd80000,0x00000000ebd80000,0x00000000ebf00000)
 ParOldGen       total 68608K, used 53972K [0x00000000c0000000, 0x00000000c4300000, 0x00000000eab00000)
  object space 68608K, 78% used [0x00000000c0000000,0x00000000c34b5128,0x00000000c4300000)
 Metaspace       used 61589K, committed 62592K, reserved 1114112K
  class space    used 6652K, committed 7104K, reserved 1048576K
}
Event: 15.651 GC heap before
{Heap before GC invocations=41 (full 3):
 PSYoungGen      total 18432K, used 18081K [0x00000000eab00000, 0x00000000ebf00000, 0x0000000100000000)
  eden space 17408K, 100% used [0x00000000eab00000,0x00000000ebc00000,0x00000000ebc00000)
  from space 1024K, 65% used [0x00000000ebc00000,0x00000000ebca8540,0x00000000ebd00000)
  to   space 1536K, 0% used [0x00000000ebd80000,0x00000000ebd80000,0x00000000ebf00000)
 ParOldGen       total 68608K, used 53972K [0x00000000c0000000, 0x00000000c4300000, 0x00000000eab00000)
  object space 68608K, 78% used [0x00000000c0000000,0x00000000c34b5128,0x00000000c4300000)
 Metaspace       used 63080K, committed 64128K, reserved 1114112K
  class space    used 6792K, committed 7232K, reserved 1048576K
}

